<!DOCTYPE html PUBLIC "-//W3C//DTD XHTML 1.1//EN" "https://www.w3.org/TR/xhtml11/DTD/xhtml11.dtd">
<html xmlns="https://www.w3.org/1999/xhtml">
<head>
<meta http-equiv="content-type" content="text/html; charset=UTF-8"/>
<title>TestNG Report</title>
<style type="text/css">table {margin-bottom:10px;border-collapse:collapse;empty-cells:show}th,td {border:1px solid #009;padding:.25em .5em}th {vertical-align:bottom}td {vertical-align:top}table a {font-weight:bold}.stripe td {background-color: #E6EBF9}.num {text-align:right}.passedodd td {background-color: #3F3}.passedeven td {background-color: #0A0}.skippedodd td {background-color: #DDD}.skippedeven td {background-color: #CCC}.failedodd td,.attn {background-color: #F33}.failedeven td,.stripe .attn {background-color: #D00}.stacktrace {white-space:pre;font-family:monospace}.totop {font-size:85%;text-align:center;border-bottom:2px solid #000}.invisible {display:none}</style>
</head>
<body>
<table>
<tr><th>Test</th><th># Passed</th><th># Skipped</th><th># Retried</th><th># Failed</th><th>Time (ms)</th><th>Included Groups</th><th>Excluded Groups</th></tr>
<tr><th colspan="8">Suite</th></tr>
<tr><td><a href="#t0">Test</a></td><td class="num">10</td><td class="num">0</td><td class="num">0</td><td class="num attn">7</td><td class="num">153,009</td><td></td><td></td></tr>
</table>
<table id='summary'><thead><tr><th>Class</th><th>Method</th><th>Start</th><th>Time (ms)</th></tr></thead><tbody><tr><th colspan="4">Suite</th></tr></tbody><tbody id="t0"><tr><th colspan="4">Test &#8212; failed</th></tr><tr class="failedeven"><td rowspan="5">com.swagLabs.testCases.TC_001LoginPageTest</td><td><a href="#m0">verify_loginDDT</a></td><td rowspan="5">1740590150072</td><td rowspan="5">20450</td></tr><tr class="failedeven"><td><a href="#m1">verify_loginDDT</a></td></tr><tr class="failedeven"><td><a href="#m2">verify_loginDDT</a></td></tr><tr class="failedeven"><td><a href="#m3">verify_loginDDT</a></td></tr><tr class="failedeven"><td><a href="#m4">verify_loginDDT</a></td></tr><tr class="failedodd"><td rowspan="1">com.swagLabs.testCases.TC_002InventoryPageTest</td><td><a href="#m5">testSortProducts</a></td><td rowspan="1">1740590256744</td><td rowspan="1">0</td></tr><tr class="failedeven"><td rowspan="1">com.swagLabs.testCases.TC_003YourCartPageTest</td><td><a href="#m6">testCheckout</a></td><td rowspan="1">1740590262785</td><td rowspan="1">20059</td></tr><tr><th colspan="4">Test &#8212; passed</th></tr><tr class="passedeven"><td rowspan="2">com.swagLabs.testCases.TC_001LoginPageTest</td><td><a href="#m7">verify_loginDDT</a></td><td rowspan="2">1740590148740</td><td rowspan="2">1307</td></tr><tr class="passedeven"><td><a href="#m8">verify_loginDDT</a></td></tr><tr class="passedodd"><td rowspan="3">com.swagLabs.testCases.TC_002InventoryPageTest</td><td><a href="#m9">addProductsToCart</a></td><td rowspan="1">1740590256842</td><td rowspan="1">762</td></tr><tr class="passedodd"><td><a href="#m10">setUp</a></td><td rowspan="1">1740590256731</td><td rowspan="1">2</td></tr><tr class="passedodd"><td><a href="#m11">testPageTitleIsDisplayed</a></td><td rowspan="1">1740590256748</td><td rowspan="1">91</td></tr><tr class="passedeven"><td rowspan="2">com.swagLabs.testCases.TC_003YourCartPageTest</td><td><a href="#m12">setUp</a></td><td rowspan="1">1740590261886</td><td rowspan="1">8</td></tr><tr class="passedeven"><td><a href="#m13">testAddMultipleProductsToCart</a></td><td rowspan="1">1740590261897</td><td rowspan="1">885</td></tr><tr class="passedodd"><td rowspan="2">com.swagLabs.testCases.TC_004CheckoutYourInformationPageTest</td><td><a href="#m14">testCheckOutPageHeading</a></td><td rowspan="1">1740590287312</td><td rowspan="1">24</td></tr><tr class="passedodd"><td><a href="#m15">testFillCheckoutFormAndContinue</a></td><td rowspan="1">1740590287338</td><td rowspan="1">318</td></tr><tr class="passedeven"><td rowspan="1">com.swagLabs.testCases.TC_005CheckoutOverviewPageTest</td><td><a href="#m16">testPriceTotal</a></td><td rowspan="1">1740590293609</td><td rowspan="1">172</td></tr></tbody>
</table>
<h2>Test</h2><h3 id="m0">com.swagLabs.testCases.TC_001LoginPageTest#verify_loginDDT</h3><table class="result"><tr class="param"><th>Parameter #1</th><th>Parameter #2</th><th>Parameter #3</th></tr><tr class="param stripe"><td>performance_glitch_user</td><td>secret_saucew</td><td>Invalid</td></tr><tr><th colspan="3">Exception</th></tr><tr><td colspan="3"><div class="stacktrace">java.lang.AssertionError: An exception occurred: no such element: Unable to locate element: {&quot;method&quot;:&quot;css selector&quot;,&quot;selector&quot;:&quot;.title&quot;}
  (Session info: MicrosoftEdge=133.0.3065.82)
For documentation on this error, please visit: https://www.selenium.dev/documentation/webdriver/troubleshooting/errors#no-such-element-exception
Build info: version: &apos;4.28.1&apos;, revision: &apos;73f5ad48a2&apos;
System info: os.name: &apos;Windows 11&apos;, os.arch: &apos;amd64&apos;, os.version: &apos;10.0&apos;, java.version: &apos;17.0.8&apos;
Driver info: org.openqa.selenium.edge.EdgeDriver
Command: [0bcbe5e947babe5075537de2cfd982b5, findElement {using=class name, value=title}]
Capabilities {acceptInsecureCerts: false, browserName: MicrosoftEdge, browserVersion: 133.0.3065.82, fedcm:accounts: true, ms:edgeOptions: {debuggerAddress: localhost:56009}, msedge: {msedgedriverVersion: 133.0.3065.82 (e8aeaf3e0117..., userDataDir: C:\Users\gaura\AppData\Loca...}, networkConnectionEnabled: false, pageLoadStrategy: normal, platformName: windows, proxy: Proxy(), se:cdp: ws://localhost:56009/devtoo..., se:cdpVersion: 133.0.3065.82, setWindowRect: true, strictFileInteractability: false, timeouts: {implicit: 0, pageLoad: 300000, script: 30000}, unhandledPromptBehavior: dismiss and notify, webauthn:extension:credBlob: true, webauthn:extension:largeBlob: true, webauthn:extension:minPinLength: true, webauthn:extension:prf: true, webauthn:virtualAuthenticators: true}
Session ID: 0bcbe5e947babe5075537de2cfd982b5
	at com.swagLabs.testCases.TC_001LoginPageTest.verify_loginDDT(TC_001LoginPageTest.java:51)
	at java.base/java.util.ArrayList.forEach(ArrayList.java:1511)
... Removed 32 stack frames</div></td></tr></table><p class="totop"><a href="#summary">back to summary</a></p>
<h3 id="m1">com.swagLabs.testCases.TC_001LoginPageTest#verify_loginDDT</h3><table class="result"><tr class="param"><th>Parameter #1</th><th>Parameter #2</th><th>Parameter #3</th></tr><tr class="param stripe"><td>locked_out_user</td><td>secret_sauce</td><td>Valid</td></tr><tr><th colspan="3">Exception</th></tr><tr><td colspan="3"><div class="stacktrace">java.lang.AssertionError: An exception occurred: no such element: Unable to locate element: {&quot;method&quot;:&quot;css selector&quot;,&quot;selector&quot;:&quot;.title&quot;}
  (Session info: MicrosoftEdge=133.0.3065.82)
For documentation on this error, please visit: https://www.selenium.dev/documentation/webdriver/troubleshooting/errors#no-such-element-exception
Build info: version: &apos;4.28.1&apos;, revision: &apos;73f5ad48a2&apos;
System info: os.name: &apos;Windows 11&apos;, os.arch: &apos;amd64&apos;, os.version: &apos;10.0&apos;, java.version: &apos;17.0.8&apos;
Driver info: org.openqa.selenium.edge.EdgeDriver
Command: [0bcbe5e947babe5075537de2cfd982b5, findElement {using=class name, value=title}]
Capabilities {acceptInsecureCerts: false, browserName: MicrosoftEdge, browserVersion: 133.0.3065.82, fedcm:accounts: true, ms:edgeOptions: {debuggerAddress: localhost:56009}, msedge: {msedgedriverVersion: 133.0.3065.82 (e8aeaf3e0117..., userDataDir: C:\Users\gaura\AppData\Loca...}, networkConnectionEnabled: false, pageLoadStrategy: normal, platformName: windows, proxy: Proxy(), se:cdp: ws://localhost:56009/devtoo..., se:cdpVersion: 133.0.3065.82, setWindowRect: true, strictFileInteractability: false, timeouts: {implicit: 0, pageLoad: 300000, script: 30000}, unhandledPromptBehavior: dismiss and notify, webauthn:extension:credBlob: true, webauthn:extension:largeBlob: true, webauthn:extension:minPinLength: true, webauthn:extension:prf: true, webauthn:virtualAuthenticators: true}
Session ID: 0bcbe5e947babe5075537de2cfd982b5
	at com.swagLabs.testCases.TC_001LoginPageTest.verify_loginDDT(TC_001LoginPageTest.java:51)
	at java.base/java.util.ArrayList.forEach(ArrayList.java:1511)
... Removed 32 stack frames</div></td></tr></table><p class="totop"><a href="#summary">back to summary</a></p>
<h3 id="m2">com.swagLabs.testCases.TC_001LoginPageTest#verify_loginDDT</h3><table class="result"><tr class="param"><th>Parameter #1</th><th>Parameter #2</th><th>Parameter #3</th></tr><tr class="param stripe"><td>standard_users</td><td>secret_sauces</td><td>Invalid</td></tr><tr><th colspan="3">Exception</th></tr><tr><td colspan="3"><div class="stacktrace">java.lang.AssertionError: An exception occurred: no such element: Unable to locate element: {&quot;method&quot;:&quot;css selector&quot;,&quot;selector&quot;:&quot;.title&quot;}
  (Session info: MicrosoftEdge=133.0.3065.82)
For documentation on this error, please visit: https://www.selenium.dev/documentation/webdriver/troubleshooting/errors#no-such-element-exception
Build info: version: &apos;4.28.1&apos;, revision: &apos;73f5ad48a2&apos;
System info: os.name: &apos;Windows 11&apos;, os.arch: &apos;amd64&apos;, os.version: &apos;10.0&apos;, java.version: &apos;17.0.8&apos;
Driver info: org.openqa.selenium.edge.EdgeDriver
Command: [0bcbe5e947babe5075537de2cfd982b5, findElement {using=class name, value=title}]
Capabilities {acceptInsecureCerts: false, browserName: MicrosoftEdge, browserVersion: 133.0.3065.82, fedcm:accounts: true, ms:edgeOptions: {debuggerAddress: localhost:56009}, msedge: {msedgedriverVersion: 133.0.3065.82 (e8aeaf3e0117..., userDataDir: C:\Users\gaura\AppData\Loca...}, networkConnectionEnabled: false, pageLoadStrategy: normal, platformName: windows, proxy: Proxy(), se:cdp: ws://localhost:56009/devtoo..., se:cdpVersion: 133.0.3065.82, setWindowRect: true, strictFileInteractability: false, timeouts: {implicit: 0, pageLoad: 300000, script: 30000}, unhandledPromptBehavior: dismiss and notify, webauthn:extension:credBlob: true, webauthn:extension:largeBlob: true, webauthn:extension:minPinLength: true, webauthn:extension:prf: true, webauthn:virtualAuthenticators: true}
Session ID: 0bcbe5e947babe5075537de2cfd982b5
	at com.swagLabs.testCases.TC_001LoginPageTest.verify_loginDDT(TC_001LoginPageTest.java:51)
	at java.base/java.util.ArrayList.forEach(ArrayList.java:1511)
... Removed 32 stack frames</div></td></tr></table><p class="totop"><a href="#summary">back to summary</a></p>
<h3 id="m3">com.swagLabs.testCases.TC_001LoginPageTest#verify_loginDDT</h3><table class="result"><tr class="param"><th>Parameter #1</th><th>Parameter #2</th><th>Parameter #3</th></tr><tr class="param stripe"><td></td><td>secret_sauces</td><td>Invalid</td></tr><tr><th colspan="3">Exception</th></tr><tr><td colspan="3"><div class="stacktrace">java.lang.AssertionError: An exception occurred: no such element: Unable to locate element: {&quot;method&quot;:&quot;css selector&quot;,&quot;selector&quot;:&quot;.title&quot;}
  (Session info: MicrosoftEdge=133.0.3065.82)
For documentation on this error, please visit: https://www.selenium.dev/documentation/webdriver/troubleshooting/errors#no-such-element-exception
Build info: version: &apos;4.28.1&apos;, revision: &apos;73f5ad48a2&apos;
System info: os.name: &apos;Windows 11&apos;, os.arch: &apos;amd64&apos;, os.version: &apos;10.0&apos;, java.version: &apos;17.0.8&apos;
Driver info: org.openqa.selenium.edge.EdgeDriver
Command: [0bcbe5e947babe5075537de2cfd982b5, findElement {using=class name, value=title}]
Capabilities {acceptInsecureCerts: false, browserName: MicrosoftEdge, browserVersion: 133.0.3065.82, fedcm:accounts: true, ms:edgeOptions: {debuggerAddress: localhost:56009}, msedge: {msedgedriverVersion: 133.0.3065.82 (e8aeaf3e0117..., userDataDir: C:\Users\gaura\AppData\Loca...}, networkConnectionEnabled: false, pageLoadStrategy: normal, platformName: windows, proxy: Proxy(), se:cdp: ws://localhost:56009/devtoo..., se:cdpVersion: 133.0.3065.82, setWindowRect: true, strictFileInteractability: false, timeouts: {implicit: 0, pageLoad: 300000, script: 30000}, unhandledPromptBehavior: dismiss and notify, webauthn:extension:credBlob: true, webauthn:extension:largeBlob: true, webauthn:extension:minPinLength: true, webauthn:extension:prf: true, webauthn:virtualAuthenticators: true}
Session ID: 0bcbe5e947babe5075537de2cfd982b5
	at com.swagLabs.testCases.TC_001LoginPageTest.verify_loginDDT(TC_001LoginPageTest.java:51)
	at java.base/java.util.ArrayList.forEach(ArrayList.java:1511)
... Removed 32 stack frames</div></td></tr></table><p class="totop"><a href="#summary">back to summary</a></p>
<h3 id="m4">com.swagLabs.testCases.TC_001LoginPageTest#verify_loginDDT</h3><table class="result"><tr class="param"><th>Parameter #1</th><th>Parameter #2</th><th>Parameter #3</th></tr><tr class="param stripe"><td>gaura_nty</td><td></td><td>Invalid</td></tr><tr><th colspan="3">Exception</th></tr><tr><td colspan="3"><div class="stacktrace">java.lang.AssertionError: An exception occurred: no such element: Unable to locate element: {&quot;method&quot;:&quot;css selector&quot;,&quot;selector&quot;:&quot;.title&quot;}
  (Session info: MicrosoftEdge=133.0.3065.82)
For documentation on this error, please visit: https://www.selenium.dev/documentation/webdriver/troubleshooting/errors#no-such-element-exception
Build info: version: &apos;4.28.1&apos;, revision: &apos;73f5ad48a2&apos;
System info: os.name: &apos;Windows 11&apos;, os.arch: &apos;amd64&apos;, os.version: &apos;10.0&apos;, java.version: &apos;17.0.8&apos;
Driver info: org.openqa.selenium.edge.EdgeDriver
Command: [0bcbe5e947babe5075537de2cfd982b5, findElement {using=class name, value=title}]
Capabilities {acceptInsecureCerts: false, browserName: MicrosoftEdge, browserVersion: 133.0.3065.82, fedcm:accounts: true, ms:edgeOptions: {debuggerAddress: localhost:56009}, msedge: {msedgedriverVersion: 133.0.3065.82 (e8aeaf3e0117..., userDataDir: C:\Users\gaura\AppData\Loca...}, networkConnectionEnabled: false, pageLoadStrategy: normal, platformName: windows, proxy: Proxy(), se:cdp: ws://localhost:56009/devtoo..., se:cdpVersion: 133.0.3065.82, setWindowRect: true, strictFileInteractability: false, timeouts: {implicit: 0, pageLoad: 300000, script: 30000}, unhandledPromptBehavior: dismiss and notify, webauthn:extension:credBlob: true, webauthn:extension:largeBlob: true, webauthn:extension:minPinLength: true, webauthn:extension:prf: true, webauthn:virtualAuthenticators: true}
Session ID: 0bcbe5e947babe5075537de2cfd982b5
	at com.swagLabs.testCases.TC_001LoginPageTest.verify_loginDDT(TC_001LoginPageTest.java:51)
	at java.base/java.util.ArrayList.forEach(ArrayList.java:1511)
... Removed 32 stack frames</div></td></tr></table><p class="totop"><a href="#summary">back to summary</a></p>
<h3 id="m5">com.swagLabs.testCases.TC_002InventoryPageTest#testSortProducts</h3><table class="result"><tr><th>Exception</th></tr><tr><td><div class="stacktrace">org.testng.TestNGException: 
Cannot inject @Test annotated Method [testSortProducts] with [class java.lang.String].
For more information on native dependency injection please refer to https://testng.org/#_dependency_injection
	at java.base/java.util.ArrayList.forEach(ArrayList.java:1511)
... Removed 30 stack frames</div></td></tr></table><p class="totop"><a href="#summary">back to summary</a></p>
<h3 id="m6">com.swagLabs.testCases.TC_003YourCartPageTest#testCheckout</h3><table class="result"><tr><th>Exception</th></tr><tr><td><div class="stacktrace">org.openqa.selenium.TimeoutException: Expected condition failed: waiting for visibility of element located by By.xpath: //div[@class=&apos;inventory_item&apos;] (tried for 10 second(s) with 500 milliseconds interval)
Build info: version: &apos;4.28.1&apos;, revision: &apos;73f5ad48a2&apos;
System info: os.name: &apos;Windows 11&apos;, os.arch: &apos;amd64&apos;, os.version: &apos;10.0&apos;, java.version: &apos;17.0.8&apos;
Driver info: org.openqa.selenium.edge.EdgeDriver
Capabilities {acceptInsecureCerts: false, browserName: MicrosoftEdge, browserVersion: 133.0.3065.82, fedcm:accounts: true, ms:edgeOptions: {debuggerAddress: localhost:56139}, msedge: {msedgedriverVersion: 133.0.3065.82 (e8aeaf3e0117..., userDataDir: C:\Users\gaura\AppData\Loca...}, networkConnectionEnabled: false, pageLoadStrategy: normal, platformName: windows, proxy: Proxy(), se:cdp: ws://localhost:56139/devtoo..., se:cdpVersion: 133.0.3065.82, setWindowRect: true, strictFileInteractability: false, timeouts: {implicit: 0, pageLoad: 300000, script: 30000}, unhandledPromptBehavior: dismiss and notify, webauthn:extension:credBlob: true, webauthn:extension:largeBlob: true, webauthn:extension:minPinLength: true, webauthn:extension:prf: true, webauthn:virtualAuthenticators: true}
Session ID: 279bb31c593e7a08e492da7fd79840a1
	at org.openqa.selenium.support.ui.WebDriverWait.timeoutException(WebDriverWait.java:84)
	at org.openqa.selenium.support.ui.FluentWait.until(FluentWait.java:228)
	at com.swagLabs.pageObjects.BasePage.toAppear(BasePage.java:37)
	at com.swagLabs.pageObjects.InventoryPage.getProductList(InventoryPage.java:43)
	at com.swagLabs.pageObjects.InventoryPage.getProductName(InventoryPage.java:49)
	at com.swagLabs.pageObjects.InventoryPage.addProductToCart(InventoryPage.java:58)
	at com.swagLabs.testCases.TC_003YourCartPageTest.testCheckout(TC_003YourCartPageTest.java:58)
	at java.base/java.util.ArrayList.forEach(ArrayList.java:1511)
... Removed 31 stack frames</div></td></tr></table><p class="totop"><a href="#summary">back to summary</a></p>
<h3 id="m7">com.swagLabs.testCases.TC_001LoginPageTest#verify_loginDDT</h3><table class="result"><tr class="param"><th>Parameter #1</th><th>Parameter #2</th><th>Parameter #3</th></tr><tr class="param stripe"><td>visual_user</td><td>secret_sauce</td><td>Valid</td></tr></table><p class="totop"><a href="#summary">back to summary</a></p>
<h3 id="m8">com.swagLabs.testCases.TC_001LoginPageTest#verify_loginDDT</h3><table class="result"><tr class="param"><th>Parameter #1</th><th>Parameter #2</th><th>Parameter #3</th></tr><tr class="param stripe"><td>problem_user</td><td>secret_sauce</td><td>Valid</td></tr></table><p class="totop"><a href="#summary">back to summary</a></p>
<h3 id="m9">com.swagLabs.testCases.TC_002InventoryPageTest#addProductsToCart</h3><table class="result"><tr><th class="invisible"/></tr></table><p class="totop"><a href="#summary">back to summary</a></p>
<h3 id="m10">com.swagLabs.testCases.TC_002InventoryPageTest#setUp</h3><table class="result"><tr><th class="invisible"/></tr></table><p class="totop"><a href="#summary">back to summary</a></p>
<h3 id="m11">com.swagLabs.testCases.TC_002InventoryPageTest#testPageTitleIsDisplayed</h3><table class="result"><tr><th class="invisible"/></tr></table><p class="totop"><a href="#summary">back to summary</a></p>
<h3 id="m12">com.swagLabs.testCases.TC_003YourCartPageTest#setUp</h3><table class="result"><tr><th class="invisible"/></tr></table><p class="totop"><a href="#summary">back to summary</a></p>
<h3 id="m13">com.swagLabs.testCases.TC_003YourCartPageTest#testAddMultipleProductsToCart</h3><table class="result"><tr><th class="invisible"/></tr></table><p class="totop"><a href="#summary">back to summary</a></p>
<h3 id="m14">com.swagLabs.testCases.TC_004CheckoutYourInformationPageTest#testCheckOutPageHeading</h3><table class="result"><tr><th class="invisible"/></tr></table><p class="totop"><a href="#summary">back to summary</a></p>
<h3 id="m15">com.swagLabs.testCases.TC_004CheckoutYourInformationPageTest#testFillCheckoutFormAndContinue</h3><table class="result"><tr><th class="invisible"/></tr></table><p class="totop"><a href="#summary">back to summary</a></p>
<h3 id="m16">com.swagLabs.testCases.TC_005CheckoutOverviewPageTest#testPriceTotal</h3><table class="result"><tr><th class="invisible"/></tr></table><p class="totop"><a href="#summary">back to summary</a></p>
</body>
</html>
